<?xml version="1.0" encoding="UTF-8"?>
<!-- Generated by org.testng.reporters.JUnitReportReporter -->
<testsuite hostname="ZERO_BOOK_13" failures="0" tests="1" name="tc_Repository.Le_04" time="15.804" errors="0" timestamp="2024-08-29T15:37:02 IST" skipped="0">
  <testcase classname="tc_Repository.Le_04" name="le_04Case" time="15.804"/>
</testsuite> <!-- tc_Repository.Le_04 -->
