<?xml version="1.0" encoding="UTF-8"?>
<!-- Generated by org.testng.reporters.JUnitReportReporter -->
<testsuite hostname="ZERO_BOOK_13" failures="0" tests="3" name="sample.Sample3" time="0.012" errors="0" timestamp="2024-08-27T15:49:27 IST" skipped="0">
  <testcase classname="sample.Sample3" name="createUser" time="0.001"/>
  <system-out/>
  <testcase classname="sample.Sample3" name="createUser" time="0.010"/>
  <system-out/>
  <testcase classname="sample.Sample3" name="createUser" time="0.001"/>
  <system-out/>
</testsuite> <!-- sample.Sample3 -->
