<?xml version="1.0" encoding="UTF-8"?>
<!-- Generated by org.testng.reporters.JUnitReportReporter -->
<testsuite hostname="ZERO_BOOK_13" failures="0" tests="1" name="tc_Repository.Org_03" time="25.700" errors="0" timestamp="2024-08-30T21:53:09 IST" skipped="0">
  <testcase classname="tc_Repository.Org_03" name="Org_03Case" time="25.700"/>
</testsuite> <!-- tc_Repository.Org_03 -->
