<?xml version="1.0" encoding="UTF-8"?>
<!-- Generated by org.testng.reporters.JUnitReportReporter -->
<testsuite hostname="ZERO_BOOK_13" failures="0" tests="1" name="sample.Sample1" time="0.006" errors="0" timestamp="2024-08-27T15:41:10 IST" skipped="0">
  <testcase classname="sample.Sample1" name="createUser" time="0.006"/>
  <system-out/>
</testsuite> <!-- sample.Sample1 -->
