<?xml version="1.0" encoding="UTF-8"?>
<!-- Generated by org.testng.reporters.JUnitReportReporter -->
<testsuite hostname="ZERO_BOOK_13" failures="0" tests="3" name="sample.sample2" time="0.011" errors="0" timestamp="2024-08-27T15:45:13 IST" skipped="0">
  <testcase classname="sample.sample2" name="deleteUser" time="0.009"/>
  <system-out/>
  <testcase classname="sample.sample2" name="modifyUser" time="0.001"/>
  <system-out/>
  <testcase classname="sample.sample2" name="createUser" time="0.001"/>
  <system-out/>
</testsuite> <!-- sample.sample2 -->
