<?xml version="1.0" encoding="UTF-8"?>
<!-- Generated by org.testng.reporters.JUnitReportReporter -->
<testsuite hostname="ZERO_BOOK_13" failures="0" tests="1" name="tc_Repository.Le_02" time="15.552" errors="0" timestamp="2024-08-30T09:19:31 IST" skipped="0">
  <testcase classname="tc_Repository.Le_02" name="le_02Case" time="15.552"/>
</testsuite> <!-- tc_Repository.Le_02 -->
